<?xml version="1.0" encoding="UTF-8"?>
<testng-results skipped="0" failed="0" ignored="0" total="1" passed="1">
  <reporter-output>
  </reporter-output>
  <suite name="Default suite" duration-ms="121092" started-at="2019-12-25T13:14:48Z" finished-at="2019-12-25T13:16:49Z">
    <groups>
    </groups>
    <test name="Default test" duration-ms="121092" started-at="2019-12-25T13:14:48Z" finished-at="2019-12-25T13:16:49Z">
      <class name="com.iphone.iphoexr.IPhonePriceTest">
        <test-method status="PASS" signature="configBC()[pri:0, instance:com.iphone.iphoexr.IPhonePriceTest@7cd62f43]" name="configBC" is-config="true" duration-ms="3805" started-at="2019-12-25T13:14:48Z" finished-at="2019-12-25T13:14:52Z">
          <reporter-output>
          </reporter-output>
        </test-method> <!-- configBC -->
        <test-method status="PASS" signature="configBM()[pri:0, instance:com.iphone.iphoexr.IPhonePriceTest@7cd62f43]" name="configBM" is-config="true" duration-ms="1203" started-at="2019-12-25T13:14:52Z" finished-at="2019-12-25T13:14:53Z">
          <reporter-output>
          </reporter-output>
        </test-method> <!-- configBM -->
        <test-method status="PASS" signature="priceTest()[pri:0, instance:com.iphone.iphoexr.IPhonePriceTest@7cd62f43]" name="priceTest" duration-ms="116068" started-at="2019-12-25T13:14:53Z" finished-at="2019-12-25T13:16:49Z">
          <reporter-output>
          </reporter-output>
        </test-method> <!-- priceTest -->
        <test-method status="PASS" signature="configAM()[pri:0, instance:com.iphone.iphoexr.IPhonePriceTest@7cd62f43]" name="configAM" is-config="true" duration-ms="0" started-at="2019-12-25T13:16:49Z" finished-at="2019-12-25T13:16:49Z">
          <reporter-output>
          </reporter-output>
        </test-method> <!-- configAM -->
        <test-method status="PASS" signature="configAC()[pri:0, instance:com.iphone.iphoexr.IPhonePriceTest@7cd62f43]" name="configAC" is-config="true" duration-ms="0" started-at="2019-12-25T13:16:49Z" finished-at="2019-12-25T13:16:49Z">
          <reporter-output>
          </reporter-output>
        </test-method> <!-- configAC -->
      </class> <!-- com.iphone.iphoexr.IPhonePriceTest -->
    </test> <!-- Default test -->
  </suite> <!-- Default suite -->
</testng-results>
